<?xml version="1.0" encoding="UTF-8"?>
<testsuite xmlns:xsi="http://www.w3.org/2001/XMLSchema-instance" xsi:noNamespaceSchemaLocation="https://maven.apache.org/surefire/maven-surefire-plugin/xsd/surefire-test-report-3.0.xsd" version="3.0" name="by.it_academy.jd2.airports.core.utils.StringUtilsTest" time="0.175" tests="4" errors="0" skipped="0" failures="0">
  <properties>
    <property name="sun.desktop" value="windows"/>
    <property name="awt.toolkit" value="sun.awt.windows.WToolkit"/>
    <property name="java.specification.version" value="11"/>
    <property name="sun.cpu.isalist" value="amd64"/>
    <property name="sun.jnu.encoding" value="Cp1251"/>
    <property name="java.class.path" value="D:\01. Vitali\03. Inf\01. Java\01. IT-Academy\02. JD2\03. Projects\JD2\homework5\target\test-classes;D:\01. Vitali\03. Inf\01. Java\01. IT-Academy\02. JD2\03. Projects\JD2\homework5\target\classes;C:\Users\Vitali Tsvirko\.m2\repository\org\postgresql\postgresql\42.2.19\postgresql-42.2.19.jar;C:\Users\Vitali Tsvirko\.m2\repository\org\checkerframework\checker-qual\3.5.0\checker-qual-3.5.0.jar;C:\Users\Vitali Tsvirko\.m2\repository\org\hibernate\validator\hibernate-validator\7.0.1.Final\hibernate-validator-7.0.1.Final.jar;C:\Users\Vitali Tsvirko\.m2\repository\jakarta\validation\jakarta.validation-api\3.0.0\jakarta.validation-api-3.0.0.jar;C:\Users\Vitali Tsvirko\.m2\repository\org\jboss\logging\jboss-logging\3.4.1.Final\jboss-logging-3.4.1.Final.jar;C:\Users\Vitali Tsvirko\.m2\repository\com\fasterxml\classmate\1.5.1\classmate-1.5.1.jar;C:\Users\Vitali Tsvirko\.m2\repository\org\hibernate\hibernate-core\5.4.30.Final\hibernate-core-5.4.30.Final.jar;C:\Users\Vitali Tsvirko\.m2\repository\javax\persistence\javax.persistence-api\2.2\javax.persistence-api-2.2.jar;C:\Users\Vitali Tsvirko\.m2\repository\org\javassist\javassist\3.27.0-GA\javassist-3.27.0-GA.jar;C:\Users\Vitali Tsvirko\.m2\repository\net\bytebuddy\byte-buddy\1.10.21\byte-buddy-1.10.21.jar;C:\Users\Vitali Tsvirko\.m2\repository\antlr\antlr\2.7.7\antlr-2.7.7.jar;C:\Users\Vitali Tsvirko\.m2\repository\org\jboss\spec\javax\transaction\jboss-transaction-api_1.2_spec\1.1.1.Final\jboss-transaction-api_1.2_spec-1.1.1.Final.jar;C:\Users\Vitali Tsvirko\.m2\repository\org\jboss\jandex\2.2.3.Final\jandex-2.2.3.Final.jar;C:\Users\Vitali Tsvirko\.m2\repository\javax\activation\javax.activation-api\1.2.0\javax.activation-api-1.2.0.jar;C:\Users\Vitali Tsvirko\.m2\repository\org\dom4j\dom4j\2.1.3\dom4j-2.1.3.jar;C:\Users\Vitali Tsvirko\.m2\repository\org\hibernate\common\hibernate-commons-annotations\5.1.2.Final\hibernate-commons-annotations-5.1.2.Final.jar;C:\Users\Vitali Tsvirko\.m2\repository\javax\xml\bind\jaxb-api\2.3.1\jaxb-api-2.3.1.jar;C:\Users\Vitali Tsvirko\.m2\repository\org\glassfish\jaxb\jaxb-runtime\2.3.1\jaxb-runtime-2.3.1.jar;C:\Users\Vitali Tsvirko\.m2\repository\org\glassfish\jaxb\txw2\2.3.1\txw2-2.3.1.jar;C:\Users\Vitali Tsvirko\.m2\repository\com\sun\istack\istack-commons-runtime\3.0.7\istack-commons-runtime-3.0.7.jar;C:\Users\Vitali Tsvirko\.m2\repository\org\jvnet\staxex\stax-ex\1.8\stax-ex-1.8.jar;C:\Users\Vitali Tsvirko\.m2\repository\com\sun\xml\fastinfoset\FastInfoset\1.2.15\FastInfoset-1.2.15.jar;C:\Users\Vitali Tsvirko\.m2\repository\org\hibernate\hibernate-spatial\5.2.3.Final\hibernate-spatial-5.2.3.Final.jar;C:\Users\Vitali Tsvirko\.m2\repository\org\geolatte\geolatte-geom\1.0.4\geolatte-geom-1.0.4.jar;C:\Users\Vitali Tsvirko\.m2\repository\com\vividsolutions\jts\1.13\jts-1.13.jar;C:\Users\Vitali Tsvirko\.m2\repository\org\slf4j\slf4j-api\1.6.1\slf4j-api-1.6.1.jar;C:\Users\Vitali Tsvirko\.m2\repository\org\apfloat\apfloat\1.8.2\apfloat-1.8.2.jar;C:\Users\Vitali Tsvirko\.m2\repository\dom4j\dom4j\1.6.1\dom4j-1.6.1.jar;C:\Users\Vitali Tsvirko\.m2\repository\org\glassfish\jakarta.json\2.0.0\jakarta.json-2.0.0.jar;C:\Users\Vitali Tsvirko\.m2\repository\org\junit\jupiter\junit-jupiter-api\5.7.1\junit-jupiter-api-5.7.1.jar;C:\Users\Vitali Tsvirko\.m2\repository\org\apiguardian\apiguardian-api\1.1.0\apiguardian-api-1.1.0.jar;C:\Users\Vitali Tsvirko\.m2\repository\org\opentest4j\opentest4j\1.2.0\opentest4j-1.2.0.jar;C:\Users\Vitali Tsvirko\.m2\repository\org\junit\platform\junit-platform-commons\1.7.1\junit-platform-commons-1.7.1.jar;C:\Users\Vitali Tsvirko\.m2\repository\org\junit\vintage\junit-vintage-engine\5.7.0\junit-vintage-engine-5.7.0.jar;C:\Users\Vitali Tsvirko\.m2\repository\org\junit\platform\junit-platform-engine\1.7.0\junit-platform-engine-1.7.0.jar;C:\Users\Vitali Tsvirko\.m2\repository\junit\junit\4.13\junit-4.13.jar;C:\Users\Vitali Tsvirko\.m2\repository\org\hamcrest\hamcrest-core\1.3\hamcrest-core-1.3.jar;C:\Users\Vitali Tsvirko\.m2\repository\org\mockito\mockito-all\1.10.19\mockito-all-1.10.19.jar;C:\Users\Vitali Tsvirko\.m2\repository\jakarta\servlet\jakarta.servlet-api\5.0.0\jakarta.servlet-api-5.0.0.jar;C:\Users\Vitali Tsvirko\.m2\repository\org\apache\tomcat\tomcat-jsp-api\10.0.4\tomcat-jsp-api-10.0.4.jar;C:\Users\Vitali Tsvirko\.m2\repository\org\apache\tomcat\tomcat-el-api\10.0.4\tomcat-el-api-10.0.4.jar;C:\Users\Vitali Tsvirko\.m2\repository\org\apache\tomcat\tomcat-servlet-api\10.0.4\tomcat-servlet-api-10.0.4.jar;C:\Users\Vitali Tsvirko\.m2\repository\org\glassfish\web\jakarta.servlet.jsp.jstl\2.0.0\jakarta.servlet.jsp.jstl-2.0.0.jar;C:\Users\Vitali Tsvirko\.m2\repository\jakarta\servlet\jsp\jstl\jakarta.servlet.jsp.jstl-api\2.0.0\jakarta.servlet.jsp.jstl-api-2.0.0.jar;C:\Users\Vitali Tsvirko\.m2\repository\jakarta\el\jakarta.el-api\4.0.0\jakarta.el-api-4.0.0.jar;C:\Users\Vitali Tsvirko\.m2\repository\jakarta\xml\bind\jakarta.xml.bind-api\3.0.0\jakarta.xml.bind-api-3.0.0.jar;C:\Users\Vitali Tsvirko\.m2\repository\com\sun\activation\jakarta.activation\2.0.0\jakarta.activation-2.0.0.jar;C:\Users\Vitali Tsvirko\.m2\repository\com\mchange\c3p0\0.9.5.5\c3p0-0.9.5.5.jar;C:\Users\Vitali Tsvirko\.m2\repository\com\mchange\mchange-commons-java\0.2.19\mchange-commons-java-0.2.19.jar;"/>
    <property name="java.vm.vendor" value="AdoptOpenJDK"/>
    <property name="sun.arch.data.model" value="64"/>
    <property name="user.variant" value=""/>
    <property name="java.vendor.url" value="https://adoptopenjdk.net/"/>
    <property name="user.timezone" value="Europe/Moscow"/>
    <property name="user.country.format" value="BY"/>
    <property name="java.vm.specification.version" value="11"/>
    <property name="os.name" value="Windows 10"/>
    <property name="sun.java.launcher" value="SUN_STANDARD"/>
    <property name="user.country" value="RU"/>
    <property name="sun.boot.library.path" value="C:\Java\jdk-11.0.9.1+1\bin"/>
    <property name="sun.java.command" value="C:\Users\Vitali Tsvirko\AppData\Local\Temp\surefire13695271713503123863\surefirebooter15289034841372432914.jar C:\Users\Vitali Tsvirko\AppData\Local\Temp\surefire13695271713503123863 2021-04-23T01-11-44_187-jvmRun1 surefire16003357063410246219tmp surefire_017762593548984922235tmp"/>
    <property name="jdk.debug" value="release"/>
    <property name="surefire.test.class.path" value="D:\01. Vitali\03. Inf\01. Java\01. IT-Academy\02. JD2\03. Projects\JD2\homework5\target\test-classes;D:\01. Vitali\03. Inf\01. Java\01. IT-Academy\02. JD2\03. Projects\JD2\homework5\target\classes;C:\Users\Vitali Tsvirko\.m2\repository\org\postgresql\postgresql\42.2.19\postgresql-42.2.19.jar;C:\Users\Vitali Tsvirko\.m2\repository\org\checkerframework\checker-qual\3.5.0\checker-qual-3.5.0.jar;C:\Users\Vitali Tsvirko\.m2\repository\org\hibernate\validator\hibernate-validator\7.0.1.Final\hibernate-validator-7.0.1.Final.jar;C:\Users\Vitali Tsvirko\.m2\repository\jakarta\validation\jakarta.validation-api\3.0.0\jakarta.validation-api-3.0.0.jar;C:\Users\Vitali Tsvirko\.m2\repository\org\jboss\logging\jboss-logging\3.4.1.Final\jboss-logging-3.4.1.Final.jar;C:\Users\Vitali Tsvirko\.m2\repository\com\fasterxml\classmate\1.5.1\classmate-1.5.1.jar;C:\Users\Vitali Tsvirko\.m2\repository\org\hibernate\hibernate-core\5.4.30.Final\hibernate-core-5.4.30.Final.jar;C:\Users\Vitali Tsvirko\.m2\repository\javax\persistence\javax.persistence-api\2.2\javax.persistence-api-2.2.jar;C:\Users\Vitali Tsvirko\.m2\repository\org\javassist\javassist\3.27.0-GA\javassist-3.27.0-GA.jar;C:\Users\Vitali Tsvirko\.m2\repository\net\bytebuddy\byte-buddy\1.10.21\byte-buddy-1.10.21.jar;C:\Users\Vitali Tsvirko\.m2\repository\antlr\antlr\2.7.7\antlr-2.7.7.jar;C:\Users\Vitali Tsvirko\.m2\repository\org\jboss\spec\javax\transaction\jboss-transaction-api_1.2_spec\1.1.1.Final\jboss-transaction-api_1.2_spec-1.1.1.Final.jar;C:\Users\Vitali Tsvirko\.m2\repository\org\jboss\jandex\2.2.3.Final\jandex-2.2.3.Final.jar;C:\Users\Vitali Tsvirko\.m2\repository\javax\activation\javax.activation-api\1.2.0\javax.activation-api-1.2.0.jar;C:\Users\Vitali Tsvirko\.m2\repository\org\dom4j\dom4j\2.1.3\dom4j-2.1.3.jar;C:\Users\Vitali Tsvirko\.m2\repository\org\hibernate\common\hibernate-commons-annotations\5.1.2.Final\hibernate-commons-annotations-5.1.2.Final.jar;C:\Users\Vitali Tsvirko\.m2\repository\javax\xml\bind\jaxb-api\2.3.1\jaxb-api-2.3.1.jar;C:\Users\Vitali Tsvirko\.m2\repository\org\glassfish\jaxb\jaxb-runtime\2.3.1\jaxb-runtime-2.3.1.jar;C:\Users\Vitali Tsvirko\.m2\repository\org\glassfish\jaxb\txw2\2.3.1\txw2-2.3.1.jar;C:\Users\Vitali Tsvirko\.m2\repository\com\sun\istack\istack-commons-runtime\3.0.7\istack-commons-runtime-3.0.7.jar;C:\Users\Vitali Tsvirko\.m2\repository\org\jvnet\staxex\stax-ex\1.8\stax-ex-1.8.jar;C:\Users\Vitali Tsvirko\.m2\repository\com\sun\xml\fastinfoset\FastInfoset\1.2.15\FastInfoset-1.2.15.jar;C:\Users\Vitali Tsvirko\.m2\repository\org\hibernate\hibernate-spatial\5.2.3.Final\hibernate-spatial-5.2.3.Final.jar;C:\Users\Vitali Tsvirko\.m2\repository\org\geolatte\geolatte-geom\1.0.4\geolatte-geom-1.0.4.jar;C:\Users\Vitali Tsvirko\.m2\repository\com\vividsolutions\jts\1.13\jts-1.13.jar;C:\Users\Vitali Tsvirko\.m2\repository\org\slf4j\slf4j-api\1.6.1\slf4j-api-1.6.1.jar;C:\Users\Vitali Tsvirko\.m2\repository\org\apfloat\apfloat\1.8.2\apfloat-1.8.2.jar;C:\Users\Vitali Tsvirko\.m2\repository\dom4j\dom4j\1.6.1\dom4j-1.6.1.jar;C:\Users\Vitali Tsvirko\.m2\repository\org\glassfish\jakarta.json\2.0.0\jakarta.json-2.0.0.jar;C:\Users\Vitali Tsvirko\.m2\repository\org\junit\jupiter\junit-jupiter-api\5.7.1\junit-jupiter-api-5.7.1.jar;C:\Users\Vitali Tsvirko\.m2\repository\org\apiguardian\apiguardian-api\1.1.0\apiguardian-api-1.1.0.jar;C:\Users\Vitali Tsvirko\.m2\repository\org\opentest4j\opentest4j\1.2.0\opentest4j-1.2.0.jar;C:\Users\Vitali Tsvirko\.m2\repository\org\junit\platform\junit-platform-commons\1.7.1\junit-platform-commons-1.7.1.jar;C:\Users\Vitali Tsvirko\.m2\repository\org\junit\vintage\junit-vintage-engine\5.7.0\junit-vintage-engine-5.7.0.jar;C:\Users\Vitali Tsvirko\.m2\repository\org\junit\platform\junit-platform-engine\1.7.0\junit-platform-engine-1.7.0.jar;C:\Users\Vitali Tsvirko\.m2\repository\junit\junit\4.13\junit-4.13.jar;C:\Users\Vitali Tsvirko\.m2\repository\org\hamcrest\hamcrest-core\1.3\hamcrest-core-1.3.jar;C:\Users\Vitali Tsvirko\.m2\repository\org\mockito\mockito-all\1.10.19\mockito-all-1.10.19.jar;C:\Users\Vitali Tsvirko\.m2\repository\jakarta\servlet\jakarta.servlet-api\5.0.0\jakarta.servlet-api-5.0.0.jar;C:\Users\Vitali Tsvirko\.m2\repository\org\apache\tomcat\tomcat-jsp-api\10.0.4\tomcat-jsp-api-10.0.4.jar;C:\Users\Vitali Tsvirko\.m2\repository\org\apache\tomcat\tomcat-el-api\10.0.4\tomcat-el-api-10.0.4.jar;C:\Users\Vitali Tsvirko\.m2\repository\org\apache\tomcat\tomcat-servlet-api\10.0.4\tomcat-servlet-api-10.0.4.jar;C:\Users\Vitali Tsvirko\.m2\repository\org\glassfish\web\jakarta.servlet.jsp.jstl\2.0.0\jakarta.servlet.jsp.jstl-2.0.0.jar;C:\Users\Vitali Tsvirko\.m2\repository\jakarta\servlet\jsp\jstl\jakarta.servlet.jsp.jstl-api\2.0.0\jakarta.servlet.jsp.jstl-api-2.0.0.jar;C:\Users\Vitali Tsvirko\.m2\repository\jakarta\el\jakarta.el-api\4.0.0\jakarta.el-api-4.0.0.jar;C:\Users\Vitali Tsvirko\.m2\repository\jakarta\xml\bind\jakarta.xml.bind-api\3.0.0\jakarta.xml.bind-api-3.0.0.jar;C:\Users\Vitali Tsvirko\.m2\repository\com\sun\activation\jakarta.activation\2.0.0\jakarta.activation-2.0.0.jar;C:\Users\Vitali Tsvirko\.m2\repository\com\mchange\c3p0\0.9.5.5\c3p0-0.9.5.5.jar;C:\Users\Vitali Tsvirko\.m2\repository\com\mchange\mchange-commons-java\0.2.19\mchange-commons-java-0.2.19.jar;"/>
    <property name="sun.cpu.endian" value="little"/>
    <property name="user.home" value="C:\Users\Vitali Tsvirko"/>
    <property name="user.language" value="ru"/>
    <property name="java.specification.vendor" value="Oracle Corporation"/>
    <property name="java.version.date" value="2020-11-04"/>
    <property name="java.home" value="C:\Java\jdk-11.0.9.1+1"/>
    <property name="file.separator" value="\"/>
    <property name="basedir" value="D:\01. Vitali\03. Inf\01. Java\01. IT-Academy\02. JD2\03. Projects\JD2\homework5"/>
    <property name="java.vm.compressedOopsMode" value="Zero based"/>
    <property name="line.separator" value="&#10;"/>
    <property name="java.specification.name" value="Java Platform API Specification"/>
    <property name="java.vm.specification.vendor" value="Oracle Corporation"/>
    <property name="java.awt.graphicsenv" value="sun.awt.Win32GraphicsEnvironment"/>
    <property name="surefire.real.class.path" value="C:\Users\Vitali Tsvirko\AppData\Local\Temp\surefire13695271713503123863\surefirebooter15289034841372432914.jar"/>
    <property name="user.script" value=""/>
    <property name="sun.management.compiler" value="HotSpot 64-Bit Tiered Compilers"/>
    <property name="java.runtime.version" value="11.0.9.1+1"/>
    <property name="user.name" value="Vitali Tsvirko"/>
    <property name="path.separator" value=";"/>
    <property name="os.version" value="10.0"/>
    <property name="java.runtime.name" value="OpenJDK Runtime Environment"/>
    <property name="file.encoding" value="Cp1251"/>
    <property name="java.vm.name" value="OpenJDK 64-Bit Server VM"/>
    <property name="java.vendor.version" value="AdoptOpenJDK"/>
    <property name="localRepository" value="C:\Users\Vitali Tsvirko\.m2\repository"/>
    <property name="java.vendor.url.bug" value="https://github.com/AdoptOpenJDK/openjdk-support/issues"/>
    <property name="java.io.tmpdir" value="C:\Users\VITALI~1\AppData\Local\Temp\"/>
    <property name="idea.version" value="2020.3.3"/>
    <property name="java.version" value="11.0.9.1"/>
    <property name="user.dir" value="D:\01. Vitali\03. Inf\01. Java\01. IT-Academy\02. JD2\03. Projects\JD2\homework5"/>
    <property name="os.arch" value="amd64"/>
    <property name="java.vm.specification.name" value="Java Virtual Machine Specification"/>
    <property name="java.awt.printerjob" value="sun.awt.windows.WPrinterJob"/>
    <property name="sun.os.patch.level" value=""/>
    <property name="java.library.path" value="C:\Java\jdk-11.0.9.1+1\bin;C:\Windows\Sun\Java\bin;C:\Windows\system32;C:\Windows;C:\Windows\system32;C:\Windows;C:\Windows\System32\Wbem;C:\Windows\System32\WindowsPowerShell\v1.0\;C:\Windows\System32\OpenSSH\;C:\Program Files\PuTTY\;c:\JAVA\jdk-11.0.9.1+1\bin;C:\JAVA\apache-maven-3.6.3\bin;C:\Program Files (x86)\Common Files\Acronis\SnapAPI\;C:\Program Files\Git\cmd;C:\Users\Vitali Tsvirko\AppData\Local\Programs\Python\Python37\Scripts\;C:\Users\Vitali Tsvirko\AppData\Local\Programs\Python\Python37\;C:\Users\Vitali Tsvirko\AppData\Local\Programs\Python\Launcher\;C:\Users\Vitali Tsvirko\AppData\Local\Microsoft\WindowsApps;C:\Program Files (x86)\Common Files\Hilscher GmbH\TLRDecode;."/>
    <property name="java.vm.info" value="mixed mode"/>
    <property name="java.vendor" value="AdoptOpenJDK"/>
    <property name="java.vm.version" value="11.0.9.1+1"/>
    <property name="sun.io.unicode.encoding" value="UnicodeLittle"/>
    <property name="java.class.version" value="55.0"/>
  </properties>
  <testcase name="isAllNullOrEmpty" classname="by.it_academy.jd2.airports.core.utils.StringUtilsTest" time="0.111"/>
  <testcase name="isNullOrEmpty" classname="by.it_academy.jd2.airports.core.utils.StringUtilsTest" time="0.001"/>
  <testcase name="isAnyNullOrEmpty" classname="by.it_academy.jd2.airports.core.utils.StringUtilsTest" time="0.001"/>
  <testcase name="isAllNotNullOrEmpty" classname="by.it_academy.jd2.airports.core.utils.StringUtilsTest" time="0.001"/>
</testsuite>